<?xml version="1.0" encoding="UTF-8"?>
<!-- Generated by org.testng.reporters.JUnitReportReporter -->
<testsuite hostname="DESKTOP-9L91LNU" name="TestCases.SearchProperties" tests="1" failures="0" timestamp="8 Jan 2021 00:29:45 GMT" time="19.573" errors="0">
  <testcase name="searchPropertiesTC" time="19.573" classname="TestCases.SearchProperties"/>
</testsuite> <!-- TestCases.SearchProperties -->
