<?xml version="1.0" encoding="UTF-8"?>
<!-- Generated by org.testng.reporters.JUnitReportReporter -->
<testsuite hostname="DESKTOP-9L91LNU" name="TestCases.CheckPrices" tests="1" failures="0" timestamp="8 Jan 2021 00:39:59 GMT" time="8.028" errors="0">
  <testcase name="housePricesTC" time="8.028" classname="TestCases.CheckPrices"/>
</testsuite> <!-- TestCases.CheckPrices -->
